<?xml version="1.0" encoding="UTF-8" ?>
<testsuite tests="4" failures="2" name="azevedorafaela.cucumbermaven.support.RunnerTest" time="0.01" errors="0" skipped="0">
  <properties>
[...]
</properties>
  <testcase classname="Scenario: Login" name="Given I have opened the browser" time="0.002"/>
  <testcase classname="Scenario: Login" name="When I send my credentials" time="0"/>
  <testcase classname="Scenario: Login" name="Then I should see the &quot;&lt;Wordpress&gt;&quot; title of the page" time="0.004">
    <failure message="expected:&lt;[Log In — WordPress.com]&gt; but was:&lt;[&lt;Wordpress&gt;]&gt;" type="org.junit.ComparisonFailure">org.junit.ComparisonFailure: expected:&lt;[Log In — WordPress.com]&gt; but was:&lt;[&lt;Wordpress&gt;]&gt;
	at org.junit.Assert.assertEquals(Assert.java:115)
	at org.junit.Assert.assertEquals(Assert.java:144)
	at azevedorafaela.cucumbermaven.pages.LoginPage.assertTitle(LoginPage.java:42)
	at azevedorafaela.cucumbermaven.steps.LoginStep.i_should_see_the_title_of_the_page(LoginStep.java:31)
	at ✽.Then I should see the &quot;&lt;Wordpress&gt;&quot; title of the page(login.feature:7)
</failure>
  </testcase>
  <testcase classname="Scenario: Login" name="Scenario: Login" time="0.004">
    <failure message="expected:&lt;[Log In — WordPress.com]&gt; but was:&lt;[&lt;Wordpress&gt;]&gt;" type="org.junit.ComparisonFailure">org.junit.ComparisonFailure: expected:&lt;[Log In — WordPress.com]&gt; but was:&lt;[&lt;Wordpress&gt;]&gt;
	at org.junit.Assert.assertEquals(Assert.java:115)
	at org.junit.Assert.assertEquals(Assert.java:144)
	at azevedorafaela.cucumbermaven.pages.LoginPage.assertTitle(LoginPage.java:42)
	at azevedorafaela.cucumbermaven.steps.LoginStep.i_should_see_the_title_of_the_page(LoginStep.java:31)
	at ✽.Then I should see the &quot;&lt;Wordpress&gt;&quot; title of the page(login.feature:7)
</failure>
  </testcase>
</testsuite>