<?xml version="1.0" encoding="UTF-8" ?>
<testsuite tests="4" failures="0" name="azevedorafaela.cucumbermaven.support.RunnerTest" time="0.016" errors="2" skipped="2">
  <properties>
[...]
</properties>
  <testcase classname="Scenario: Login" name="Given I have opened the browser" time="0.004">
    <error type="java.lang.NullPointerException">java.lang.NullPointerException
	at azevedorafaela.cucumbermaven.pages.LoginPage.getLoginUrl(LoginPage.java:26)
	at azevedorafaela.cucumbermaven.steps.LoginSteps.I_have_opened_the_browser(LoginSteps.java:12)
	at ✽.Given I have opened the browser(features/login.feature:5)
</error>
    <system-out>Feature: Login
</system-out>
    <system-err>Nov 19, 2017 12:58:17 AM org.springframework.test.context.support.DefaultTestContextBootstrapper getDefaultTestExecutionListenerClassNames
INFO: Loaded default TestExecutionListener class names from location [META-INF/spring.factories]: [org.springframework.test.context.web.ServletTestExecutionListener, org.springframework.test.context.support.DependencyInjectionTestExecutionListener, org.springframework.test.context.support.DirtiesContextTestExecutionListener, org.springframework.test.context.transaction.TransactionalTestExecutionListener, org.springframework.test.context.jdbc.SqlScriptsTestExecutionListener]
Nov 19, 2017 12:58:17 AM org.springframework.test.context.support.DefaultTestContextBootstrapper instantiateListeners
INFO: Could not instantiate TestExecutionListener [org.springframework.test.context.transaction.TransactionalTestExecutionListener]. Specify custom listener classes or make the default listener classes (and their required dependencies) available. Offending class: [org/springframework/transaction/interceptor/TransactionAttributeSource]
Nov 19, 2017 12:58:17 AM org.springframework.test.context.support.DefaultTestContextBootstrapper instantiateListeners
INFO: Could not instantiate TestExecutionListener [org.springframework.test.context.web.ServletTestExecutionListener]. Specify custom listener classes or make the default listener classes (and their required dependencies) available. Offending class: [javax/servlet/ServletContext]
Nov 19, 2017 12:58:17 AM org.springframework.test.context.support.DefaultTestContextBootstrapper instantiateListeners
INFO: Could not instantiate TestExecutionListener [org.springframework.test.context.jdbc.SqlScriptsTestExecutionListener]. Specify custom listener classes or make the default listener classes (and their required dependencies) available. Offending class: [org/springframework/transaction/interceptor/TransactionAttribute]
Nov 19, 2017 12:58:17 AM org.springframework.test.context.support.DefaultTestContextBootstrapper getTestExecutionListeners
INFO: Using TestExecutionListeners: [org.springframework.test.context.support.DependencyInjectionTestExecutionListener@865dd6, org.springframework.test.context.support.DirtiesContextTestExecutionListener@4da4253]
Nov 19, 2017 12:58:17 AM org.springframework.context.support.GenericApplicationContext prepareRefresh
INFO: Refreshing org.springframework.context.support.GenericApplicationContext@41e1e210: startup date [Sun Nov 19 00:58:17 GMT 2017]; root of context hierarchy
</system-err>
  </testcase>
  <testcase classname="Scenario: Login" name="Scenario: Login" time="0.004">
    <error type="java.lang.NullPointerException">java.lang.NullPointerException
	at azevedorafaela.cucumbermaven.pages.LoginPage.getLoginUrl(LoginPage.java:26)
	at azevedorafaela.cucumbermaven.steps.LoginSteps.I_have_opened_the_browser(LoginSteps.java:12)
	at ✽.Given I have opened the browser(features/login.feature:5)
</error>
  </testcase>
  <testcase classname="Scenario: Login" name="When I send my credentials &quot;&lt;user&gt;&quot;" time="0.004">
    <skipped/>
  </testcase>
  <testcase classname="Scenario: Login" name="Then I should see the &quot;&lt;Wordpress&gt;&quot; title of the page" time="0.004">
    <skipped/>
  </testcase>
</testsuite>